# JRE version: Java(TM) SE Runtime Environment (9.0+11) (build 9.0.1+11)
# Java VM: Java HotSpot(TM) 64-Bit Server VM (9.0.1+11, mixed mode, tiered, compressed oops, g1 gc, bsd-amd64)
Heap:
 garbage-first heap   total 135168K, used 43452K [0x0000000740000000, 0x0000000740100420, 0x00000007c0000000)
  region size 1024K, 45 young (46080K), 4 survivors (4096K)
 Metaspace       used 16008K, capacity 16922K, committed 17024K, reserved 1064960K
  class space    used 1693K, capacity 1893K, committed 1920K, reserved 1048576K
GC Heap History (6 events):
Event: 1.301 GC heap before
{Heap before GC invocations=0 (full 0):
 garbage-first heap   total 131072K, used 14336K [0x0000000740000000, 0x0000000740100400, 0x00000007c0000000)
  region size 1024K, 14 young (14336K), 0 survivors (0K)
 Metaspace       used 12421K, capacity 13028K, committed 13312K, reserved 1060864K
  class space    used 1335K, capacity 1494K, committed 1536K, reserved 1048576K
}
Event: 1.306 GC heap after
{Heap after GC invocations=1 (full 0):
 garbage-first heap   total 131072K, used 2350K [0x0000000740000000, 0x0000000740100400, 0x00000007c0000000)
  region size 1024K, 2 young (2048K), 2 survivors (2048K)
 Metaspace       used 12421K, capacity 13028K, committed 13312K, reserved 1060864K
  class space    used 1335K, capacity 1494K, committed 1536K, reserved 1048576K
}
Event: 2448.459 GC heap before
{Heap before GC invocations=1 (full 0):
 garbage-first heap   total 131072K, used 130350K [0x0000000740000000, 0x0000000740100400, 0x00000007c0000000)
  region size 1024K, 73 young (74752K), 2 survivors (2048K)
 Metaspace       used 16002K, capacity 16922K, committed 17024K, reserved 1064960K
  class space    used 1693K, capacity 1893K, committed 1920K, reserved 1048576K
}
Event: 2448.484 GC heap after
{Heap after GC invocations=2 (full 0):
 garbage-first heap   total 135168K, used 58956K [0x0000000740000000, 0x0000000740100420, 0x00000007c0000000)
  region size 1024K, 4 young (4096K), 4 survivors (4096K)
 Metaspace       used 16002K, capacity 16922K, committed 17024K, reserved 1064960K
  class space    used 1693K, capacity 1893K, committed 1920K, reserved 1048576K
}
Event: 2448.523 GC heap before
{Heap before GC invocations=2 (full 0):
 garbage-first heap   total 135168K, used 113228K [0x0000000740000000, 0x0000000740100420, 0x00000007c0000000)
  region size 1024K, 57 young (58368K), 4 survivors (4096K)
 Metaspace       used 16007K, capacity 16922K, committed 17024K, reserved 1064960K
  class space    used 1693K, capacity 1893K, committed 1920K, reserved 1048576K
}
Event: 2448.530 GC heap after
{Heap after GC invocations=3 (full 0):
 garbage-first heap   total 135168K, used 3516K [0x0000000740000000, 0x0000000740100420, 0x00000007c0000000)
  region size 1024K, 4 young (4096K), 4 survivors (4096K)
 Metaspace       used 16007K, capacity 16922K, committed 17024K, reserved 1064960K
  class space    used 1693K, capacity 1893K, committed 1920K, reserved 1048576K
}

